<?xml version="1.0" encoding="UTF-8"?>
<testsuite name="ExampleTest" tests="1" skipped="0" failures="0" errors="0" timestamp="2021-05-13T12:26:58" hostname="thiagogomess-MacBook-Pro.local" time="0.014">
  <properties/>
  <testcase name="Example()" classname="ExampleTest" time="0.014"/>
  <system-out><![CDATA[]]></system-out>
  <system-err><![CDATA[]]></system-err>
</testsuite>
