<?xml version="1.0" encoding="UTF-8"?>
<testsuite name="DiscountCalculatorTest" tests="6" skipped="0" failures="0" errors="0" timestamp="2021-05-13T14:29:56" hostname="thiagogomess-MacBook-Pro.local" time="0.021">
  <properties/>
  <testcase name="shouldApplyTenPercentStarting1000()" classname="DiscountCalculatorTest" time="0.014"/>
  <testcase name="shouldNotApplyDiscountUntil499()" classname="DiscountCalculatorTest" time="0.0"/>
  <testcase name="shouldNotApplyDiscountEqualTo499()" classname="DiscountCalculatorTest" time="0.0"/>
  <testcase name="shouldApplyTenPercentStarting500()" classname="DiscountCalculatorTest" time="0.001"/>
  <testcase name="shouldApplyTenPercentEqualsTo500()" classname="DiscountCalculatorTest" time="0.001"/>
  <testcase name="shouldApplyTenPercentEqualsTo1000()" classname="DiscountCalculatorTest" time="0.001"/>
  <system-out><![CDATA[]]></system-out>
  <system-err><![CDATA[]]></system-err>
</testsuite>
